2023-08-17 22:20:07,733 -  * Detected change in 'c:\\Users\\User\\OneDrive - Fakulteti i Teknologjise se Informacionit\\Desktop\\Digitalized\\DigiScore\\DataML\\GetCompetitorsFromPics.py', reloading
2023-08-17 22:20:10,177 -  * Restarting with stat
2023-08-17 22:20:17,845 -  * Debugger is active!
2023-08-17 22:20:17,852 -  * Debugger PIN: 337-210-712
2023-08-17 22:20:27,704 - b" * Serving Flask app 'appp'"
2023-08-17 22:20:27,705 - b' * Debug mode: on'
2023-08-17 22:20:27,715 - [31m[1mWARNING: This is a development server. Do not use it in a production deployment. Use a production WSGI server instead.[0m
 * Running on http://127.0.0.1:5000
2023-08-17 22:20:27,715 - [33mPress CTRL+C to quit[0m
2023-08-17 22:20:27,717 -  * Restarting with stat
2023-08-17 22:20:32,275 -  * Debugger is active!
2023-08-17 22:20:32,280 -  * Debugger PIN: 337-210-712
2023-08-17 22:20:40,541 - https://loyalty.kangaroorewards.com/
2023-08-17 22:20:42,390 - Started executing socialLinkCollector.py
2023-08-17 22:20:43,991 - 200
2023-08-17 22:20:44,044 - Instagram link:
2023-08-17 22:20:44,044 - http://www.instagram.com/kangaroorewards
2023-08-17 22:20:44,045 - Facebook link:
2023-08-17 22:20:44,045 - https://www.facebook.com/KangarooRewards/
2023-08-17 22:20:44,046 - No LinkedIn link found.
2023-08-17 22:20:44,047 - Twitter link:
2023-08-17 22:20:44,047 - http://twitter.com/kangaroorewards
2023-08-17 22:20:44,060 - Total execution time of SocialLinkCollector.py is:
2023-08-17 22:20:44,060 - 1.6698999404907227
2023-08-17 22:20:44,061 - Started executing SocialUsernameCollector.py
2023-08-17 22:20:44,062 - Instagram Username:
2023-08-17 22:20:44,062 - kangaroorewards
2023-08-17 22:20:44,062 - Facebook Username:
2023-08-17 22:20:44,062 - KangarooRewards
2023-08-17 22:20:44,062 - LinkedIn Username:
2023-08-17 22:20:44,062 - None
2023-08-17 22:20:44,062 - Twitter Username:
2023-08-17 22:20:44,062 - kangaroorewards
2023-08-17 22:20:44,072 - Total execution time of SocialUsernameCollector.py is:
2023-08-17 22:20:44,072 - 0.010915517807006836
2023-08-17 22:20:51,074 - Started executing SimiWebData.py
2023-08-17 22:20:52,224 - loyalty.kangaroorewards.com
2023-08-17 22:21:01,531 - loyalty_kangaroorewards_com.png
2023-08-17 22:21:01,919 - C:\Users\User\OneDrive - Fakulteti i Teknologjise se Informacionit\Desktop\Digitalized\DigiScore
2023-08-17 22:21:02,690 - loyalty.kangaroorewards.com_Competitors.png
2023-08-17 22:21:03,003 - C:\Users\User\OneDrive - Fakulteti i Teknologjise se Informacionit\Desktop\Digitalized\DigiScore
2023-08-17 22:21:03,736 - loyalty.kangaroorewards.com_channelDistrib.png
2023-08-17 22:21:04,080 - C:\Users\User\OneDrive - Fakulteti i Teknologjise se Informacionit\Desktop\Digitalized\DigiScore
2023-08-17 22:21:04,757 - loyalty.kangaroorewards.com_Keywords.png
2023-08-17 22:21:05,140 - Total execution time of SimiWebData.py is:
2023-08-17 22:21:05,140 - 21.068052053451538
2023-08-17 22:21:05,140 - seconds
2023-08-17 22:21:07,250 - Started executing GetDataFromPics.py
2023-08-17 22:21:07,250 - Company name:
2023-08-17 22:21:07,250 - loyalty.kangaroorewards.com
2023-08-17 22:21:07,259 - DataML\Pics\loyalty_kangaroorewards_com.png
2023-08-17 22:21:07,278 - <PIL.PngImagePlugin.PngImageFile image mode=RGBA size=1920x1080 at 0x24E5C22C2D0>
2023-08-17 22:21:07,344 - CUDA not available - defaulting to CPU. Note: This module is much faster with a GPU.
2023-08-17 22:21:14,577 - An error occured while trying to get the data about "Category Rank":
2023-08-17 22:21:14,578 - list index out of range
2023-08-17 22:21:14,578 - Look at the Total Visits picture 'pages_visits.png'
2023-08-17 22:21:14,578 - Total Visits:
2023-08-17 22:21:14,578 - 4.K
2023-08-17 22:21:14,578 - 0.9969159471105138
2023-08-17 22:21:14,578 - Bounce Rate:
2023-08-17 22:21:14,578 - 36.60%
2023-08-17 22:21:14,578 - 0.7664106811588733
2023-08-17 22:21:14,578 - Pages per Visit:
2023-08-17 22:21:14,578 - 1.91
2023-08-17 22:21:14,578 - 0.5015041640268927
2023-08-17 22:21:14,579 - Avarage Visit Duration:
2023-08-17 22:21:14,579 - 00:01:22
2023-08-17 22:21:14,579 - 0.899610972877527
2023-08-17 22:21:14,598 - Total execution time of GetDataFromPics.py is:
2023-08-17 22:21:14,598 - 7.347941160202026
2023-08-17 22:21:14,598 - seconds
2023-08-17 22:21:14,610 - Started executing GetCompetitorsFromPics.py
2023-08-17 22:21:14,614 - DataML\Pics\loyalty.kangaroorewards.com_Competitors.png
2023-08-17 22:21:14,628 - <PIL.PngImagePlugin.PngImageFile image mode=RGBA size=1920x1080 at 0x24E5C30E290>
2023-08-17 22:21:14,667 - CUDA not available - defaulting to CPU. Note: This module is much faster with a GPU.
2023-08-17 22:21:18,125 - Competitor 1:
2023-08-17 22:21:18,125 - loyaltykangaroorewa
2023-08-17 22:21:18,125 - 0.9400260254442047
2023-08-17 22:21:18,125 - Competitor 2:
2023-08-17 22:21:18,125 - The digital marketing channels dr
2023-08-17 22:21:18,125 - 0.8923107603337775
2023-08-17 22:21:18,125 - Competitor 3:
2023-08-17 22:21:18,125 - Marketing Channels Distributior
2023-08-17 22:21:18,125 - 0.7364708476456726
2023-08-17 22:21:18,125 - Fewer than 5 valid competitors found.
2023-08-17 22:21:18,126 - loyaltykangaroorewa
2023-08-17 22:21:18,126 - first_competitor
2023-08-17 22:21:18,127 - loyaltykangaroorewa
2023-08-17 22:21:18,127 - The.digital.marketing.channels.dr
2023-08-17 22:21:18,128 - Marketing.Channels.Distributior
2023-08-17 22:21:18,128 - None
2023-08-17 22:21:18,128 - None
2023-08-17 22:21:18,128 - The URL is not found in the competitors list.
2023-08-17 22:21:18,128 - loyalty.kangaroorewards.com
2023-08-17 22:21:18,128 - The URL is not found in the competitors list.
2023-08-17 22:21:18,128 - loyalty.kangaroorewards.com
2023-08-17 22:21:18,128 - The URL is found in the competitors list or no competitors were found.
2023-08-17 22:21:18,128 - loyalty.kangaroorewards.com
2023-08-17 22:21:18,520 - <Response [200]>
2023-08-17 22:21:18,520 - 197330
2023-08-17 22:21:18,520 - API_Units_Before_Execution:
2023-08-17 22:21:18,520 - 197330
2023-08-17 22:21:18,842 - <Response [200]>
2023-08-17 22:21:18,842 - ERROR 50 :: NOTHING FOUND
2023-08-17 22:21:19,176 - <Response [200]>
2023-08-17 22:21:19,176 - 197330
2023-08-17 22:21:19,176 - API_Units_Left:
2023-08-17 22:21:19,176 - 197330
2023-08-17 22:21:19,176 - API_Units_Spent:
2023-08-17 22:21:19,176 - 0
2023-08-17 22:21:19,209 -          Website Data Type                 Website Data
2023-08-17 22:21:19,209 - 0            Website Panel                          NaN
2023-08-17 22:21:19,209 - 1             Company Name  loyalty.kangaroorewards.com
2023-08-17 22:21:19,209 - 2            Category Name                          NaN
2023-08-17 22:21:19,209 - 3            Category Rank                          NaN
2023-08-17 22:21:19,209 - 4             Total Visits                          4.K
2023-08-17 22:21:19,209 - 5              Bounce Rate                       36.60%
2023-08-17 22:21:19,209 - 6          Pages per Visit                         1.91
2023-08-17 22:21:19,209 - 7   Average Visit Duration                     00:01:22
2023-08-17 22:21:19,209 - 8        Competitors Panel
2023-08-17 22:21:19,209 - 9         First Competitor                         None
2023-08-17 22:21:19,209 - 10       Second Competitor                         None
2023-08-17 22:21:19,209 - 11        Third Competitor                         None
2023-08-17 22:21:19,209 - 12       Fourth Competitor                         None
2023-08-17 22:21:19,209 - 13        Fifth Competitor                         None
2023-08-17 22:21:19,209 - Total execution time of GetCompetitorsFromPics.py is:
2023-08-17 22:21:19,209 - 4.599180221557617
2023-08-17 22:21:19,209 - seconds
2023-08-17 22:21:19,220 - Started executing InstagramData.py
2023-08-17 22:21:20,306 - JSON Query to accounts/login/: Could not find "window._sharedData" in html response. [retrying; skip with ^C]
2023-08-17 22:21:21,345 - JSON Query to accounts/login/: Could not find "window._sharedData" in html response. [retrying; skip with ^C]
2023-08-17 22:21:29,617 - JSON Query to accounts/login/: Could not find "window._sharedData" in html response.
2023-08-17 22:21:29,617 - Logging in...
2023-08-17 22:21:29,617 - Login failed.
2023-08-17 22:21:30,803 - Username:
2023-08-17 22:21:30,803 - kangaroorewards
2023-08-17 22:21:30,804 - User ID:
2023-08-17 22:21:30,804 - 227123019
2023-08-17 22:21:30,804 - Number of Posts:
2023-08-17 22:21:30,804 - 682
2023-08-17 22:21:30,804 - Followers Count:
2023-08-17 22:21:30,804 - 5419
2023-08-17 22:21:30,804 - Bio:
2023-08-17 22:21:30,804 - Engage your customers. Increase sales and drive traffic with our powerful loyalty technology. Book a free live demo today!
2023-08-17 22:21:30,804 - External URL:
2023-08-17 22:21:30,804 - https://linktr.ee/kangaroorewards
2023-08-17 22:21:30,804 - <itertools.islice object at 0x0000024E41AF1FD0>
2023-08-17 22:21:30,804 - vgjkob
2023-08-17 22:21:30,804 - bhwefjfbiwjefowfnwe
2023-08-17 22:21:30,805 - Post CsHVk2JsFRa has 3 likes and 0 comments
2023-08-17 22:21:30,805 - Post CmhRhNSOyxB has 2 likes and 0 comments
2023-08-17 22:21:30,805 - Post ClPXWHoudBR has 1 likes and 0 comments
2023-08-17 22:21:30,805 - Post CjBSCwqupzF has 2 likes and 0 comments
2023-08-17 22:21:30,805 - Post Chp-9QpuKNW has 2 likes and 0 comments
2023-08-17 22:21:30,822 - 2.0
2023-08-17 22:21:30,822 - 0.0
2023-08-17 22:21:30,844 -                        Social Platform Link  ... Average Comments per 5 posts
2023-08-17 22:21:30,844 - 0  http://www.instagram.com/kangaroorewards  ...                          0.0
2023-08-17 22:21:30,844 - 
2023-08-17 22:21:30,844 - [1 rows x 6 columns]
2023-08-17 22:21:30,844 - [3, 2, 1, 2, 2]
2023-08-17 22:21:30,844 - [0, 0, 0, 0, 0]
2023-08-17 22:21:30,844 - Total execution time of InstagramData.py is:
2023-08-17 22:21:30,844 - 11.624073266983032
2023-08-17 22:21:30,844 - seconds
2023-08-17 22:21:30,844 - Started executing LinkedinkData.py
2023-08-17 22:21:30,863 - Total execution time of LinkedinData.py is:
2023-08-17 22:21:30,863 - 0.019179344177246094
2023-08-17 22:21:30,863 - seconds
2023-08-17 22:21:30,863 - Started executing FacebookData.py
2023-08-17 22:21:30,914 - 3.8
2023-08-17 22:21:30,914 - 157
2023-08-17 22:21:30,914 - 152
2023-08-17 22:21:30,914 - 0
2023-08-17 22:21:30,914 - 2
2023-08-17 22:21:30,914 - 9
2023-08-17 22:21:30,914 - 6
2023-08-17 22:21:30,914 - 2
2023-08-17 22:21:30,914 - [0, 2, 9, 6, 2]
2023-08-17 22:21:30,914 - []
2023-08-17 22:21:30,914 - Avarage Fb Likes:
2023-08-17 22:21:30,914 - 3.8
2023-08-17 22:21:30,937 -                         Social Platform Link  ... Average Comments per 5 posts
2023-08-17 22:21:30,937 - 0   http://www.instagram.com/kangaroorewards  ...                          0.0
2023-08-17 22:21:30,937 - 1                                        NaN  ...                          NaN
2023-08-17 22:21:30,937 - 2  https://www.facebook.com/KangarooRewards/  ...                          0.0
2023-08-17 22:21:30,937 - 
2023-08-17 22:21:30,937 - [3 rows x 6 columns]
2023-08-17 22:21:30,938 - Total execution time of FacebookData.py is:
2023-08-17 22:21:30,938 - 0.0732431411743164
2023-08-17 22:21:30,938 - seconds
2023-08-17 22:21:30,938 - Started executing getMarketingChannelDistribution.py
2023-08-17 22:21:30,942 - DataML\Pics\loyalty.kangaroorewards.com_channelDistrib.png
2023-08-17 22:21:30,951 - <PIL.PngImagePlugin.PngImageFile image mode=RGBA size=1920x1080 at 0x24E5C318850>
2023-08-17 22:21:31,074 - CUDA not available - defaulting to CPU. Note: This module is much faster with a GPU.
2023-08-17 22:21:38,987 - [([[51, 69], [89, 69], [89, 85], [51, 85]], 'VOL:', 0.9840038418769836), ([[186, 304], [434, 304], [434, 330], [186, 330]], 'Want to uncover more', 0.8605461719406048), ([[434, 300], [603, 300], [603, 336], [434, 336]], 'opportunities?', 0.9999490865549346), ([[184, 344], [1044, 344], [1044, 371], [184, 371]], 'Grow your traffic share per keyword and understand how SEO and PPC investments can', 0.7895105450761295), ([[184, 366], [388, 366], [388, 396], [184, 396]], 'Intelligence solution:', 0.7520420315907521), ([[184, 410], [288, 410], [288, 436], [184, 436]], 'Try it now', 0.9187751325247818)]
2023-08-17 22:21:38,988 - Check the 'Direct' in the picture
2023-08-17 22:21:38,988 - Check the 'Direct' in the picture
2023-08-17 22:21:38,988 - Check the 'Direct' in the picture
2023-08-17 22:21:38,988 - Check the 'Direct' in the picture
2023-08-17 22:21:38,988 - Check the 'Direct' in the picture
2023-08-17 22:21:38,988 - Check the 'Direct' in the picture
2023-08-17 22:21:38,988 - No valid Direct found
2023-08-17 22:21:38,988 - An error occured while trying to get the data about "Referrals":
2023-08-17 22:21:38,988 - list index out of range
2023-08-17 22:21:38,989 - [([[51, 69], [89, 69], [89, 85], [51, 85]], 'VOL:', 0.9840038418769836), ([[186, 304], [434, 304], [434, 330], [186, 330]], 'Want to uncover more', 0.8605461719406048), ([[434, 300], [603, 300], [603, 336], [434, 336]], 'opportunities?', 0.9999490865549346), ([[184, 344], [1044, 344], [1044, 371], [184, 371]], 'Grow your traffic share per keyword and understand how SEO and PPC investments can', 0.7895105450761295), ([[184, 366], [388, 366], [388, 396], [184, 396]], 'Intelligence solution:', 0.7520420315907521), ([[184, 410], [288, 410], [288, 436], [184, 436]], 'Try it now', 0.9187751325247818)]
2023-08-17 22:21:39,012 -                        Website Data Type                 Website Data
2023-08-17 22:21:39,012 - 0                          Website Panel                          NaN
2023-08-17 22:21:39,012 - 1                           Company Name  loyalty.kangaroorewards.com
2023-08-17 22:21:39,012 - 2                          Category Name                          NaN
2023-08-17 22:21:39,012 - 3                          Category Rank                          NaN
2023-08-17 22:21:39,012 - 4                           Total Visits                          4.K
2023-08-17 22:21:39,012 - 5                            Bounce Rate                       36.60%
2023-08-17 22:21:39,012 - 6                        Pages per Visit                         1.91
2023-08-17 22:21:39,012 - 7                 Average Visit Duration                     00:01:22
2023-08-17 22:21:39,013 - 8                      Competitors Panel                          NaN
2023-08-17 22:21:39,013 - 9                       First Competitor                          NaN
2023-08-17 22:21:39,013 - 10                     Second Competitor                          NaN
2023-08-17 22:21:39,013 - 11                      Third Competitor                          NaN
2023-08-17 22:21:39,013 - 12                     Fourth Competitor                          NaN
2023-08-17 22:21:39,013 - 13                      Fifth Competitor                          NaN
2023-08-17 22:21:39,013 - 14  Marketing Channel Distribution Panel
2023-08-17 22:21:39,013 - 15                                Direct                         None
2023-08-17 22:21:39,013 - 16                             Referrals                         None
2023-08-17 22:21:39,013 - 17                        Organic Search                         None
2023-08-17 22:21:39,013 - 18                           Paid Search                         None
2023-08-17 22:21:39,013 - 19                                Social                         None
2023-08-17 22:21:39,013 - 20                                  Mail                         None
2023-08-17 22:21:39,013 - 21                               Display                         None
2023-08-17 22:21:39,013 - Total execution time of getMarketingChannelDistribution.py is:
2023-08-17 22:21:39,013 - 8.075307846069336
2023-08-17 22:21:39,013 - seconds
2023-08-17 22:21:39,013 - Started executing GetKeywordsNumber.py
2023-08-17 22:21:39,018 - DataML\Pics\loyalty.kangaroorewards.com_Keywords.png
2023-08-17 22:21:39,027 - <PIL.PngImagePlugin.PngImageFile image mode=RGBA size=1920x1080 at 0x24E606BCA50>
2023-08-17 22:21:39,071 - CUDA not available - defaulting to CPU. Note: This module is much faster with a GPU.
2023-08-17 22:21:43,104 - An error occured while trying to get the data about "Total Keywords #5":
2023-08-17 22:21:43,104 - list index out of range
2023-08-17 22:21:43,104 - []
2023-08-17 22:21:43,104 - Look at the Organic VS. Paid picture 'org_paid.png'
2023-08-17 22:21:43,126 -                        Website Data Type                 Website Data
2023-08-17 22:21:43,126 - 0                          Website Panel                          NaN
2023-08-17 22:21:43,126 - 1                           Company Name  loyalty.kangaroorewards.com
2023-08-17 22:21:43,126 - 2                          Category Name                          NaN
2023-08-17 22:21:43,126 - 3                          Category Rank                          NaN
2023-08-17 22:21:43,126 - 4                           Total Visits                          4.K
2023-08-17 22:21:43,126 - 5                            Bounce Rate                       36.60%
2023-08-17 22:21:43,126 - 6                        Pages per Visit                         1.91
2023-08-17 22:21:43,126 - 7                 Average Visit Duration                     00:01:22
2023-08-17 22:21:43,126 - 8                      Competitors Panel                          NaN
2023-08-17 22:21:43,126 - 9                       First Competitor                          NaN
2023-08-17 22:21:43,126 - 10                     Second Competitor                          NaN
2023-08-17 22:21:43,128 - 11                      Third Competitor                          NaN
2023-08-17 22:21:43,128 - 12                     Fourth Competitor                          NaN
2023-08-17 22:21:43,128 - 13                      Fifth Competitor                          NaN
2023-08-17 22:21:43,128 - 14  Marketing Channel Distribution Panel                          NaN
2023-08-17 22:21:43,128 - 15                                Direct                          NaN
2023-08-17 22:21:43,128 - 16                             Referrals                          NaN
2023-08-17 22:21:43,128 - 17                        Organic Search                          NaN
2023-08-17 22:21:43,128 - 18                           Paid Search                          NaN
2023-08-17 22:21:43,128 - 19                                Social                          NaN
2023-08-17 22:21:43,128 - 20                                  Mail                          NaN
2023-08-17 22:21:43,128 - 21                               Display                          NaN
2023-08-17 22:21:43,128 - 22                        Keywords Panel
2023-08-17 22:21:43,128 - 23                     Total Keywords #5                         None
2023-08-17 22:21:43,128 - 24           Organic Keywords Percentage                         None
2023-08-17 22:21:43,128 - 25              Paid Keywords Percentage                         None
2023-08-17 22:21:43,128 - Total execution time of GetKeywordsNumber.py is:
2023-08-17 22:21:43,128 - 4.1146275997161865
2023-08-17 22:21:43,128 - seconds
2023-08-17 22:21:43,129 - Started executing SemRushApi.py
2023-08-17 22:21:43,457 - <Response [200]>
2023-08-17 22:21:43,457 - 197330
2023-08-17 22:21:43,457 - API_Units_Before_Execution:
2023-08-17 22:21:43,457 - 197330
2023-08-17 22:21:43,459 - Processing domain: https://loyalty.kangaroorewards.com/
2023-08-17 22:21:43,815 - Database;Domain;Date;Rank;Organic Keywords;Organic Traffic;Organic Cost;Adwords Keywords;Adwords Traffic;Adwords Cost;PLA keywords;PLA uniques;SERP Features Positions
2023-08-17 22:21:43,815 - fr;kangaroorewards.com;20230816;12270461;3;0;0;0;0;0;0;0;0
2023-08-17 22:21:43,817 - --------------------------------------------------------------------------------------------
2023-08-17 22:21:43,818 - {'Database': 'fr', 'Domain': 'kangaroorewards.com', 'Date': 20230816, 'Rank': 12270461, 'Organic Keywords': 3, 'Organic Traffic': 0, 'Organic Cost': 0, 'Adwords Keywords': 0, 'Adwords Traffic': 0, 'Adwords Cost': 0, 'PLA keywords': 0, 'PLA uniques': 0, 'SERP Features Positions': 0}
2023-08-17 22:21:43,818 - --------------------------------------------------------------------------------------------
2023-08-17 22:21:44,120 - <Response [200]>
2023-08-17 22:21:44,120 - X0;X1
2023-08-17 22:21:44,120 - 0;0
2023-08-17 22:21:44,121 - --------------------------------------------------------------------------------------------
2023-08-17 22:21:44,121 - {'X0': 0, 'X1': 0}
2023-08-17 22:21:44,121 - --------------------------------------------------------------------------------------------
2023-08-17 22:21:44,124 - Finished processing domain: https://loyalty.kangaroorewards.com/
2023-08-17 22:21:44,167 -                        Website Data Type  ...     SemRush API Data
2023-08-17 22:21:44,168 - 0                          Website Panel  ...                   fr
2023-08-17 22:21:44,168 - 1                           Company Name  ...  kangaroorewards.com
2023-08-17 22:21:44,168 - 2                          Category Name  ...             20230816
2023-08-17 22:21:44,168 - 3                          Category Rank  ...             12270461
2023-08-17 22:21:44,168 - 4                           Total Visits  ...                    3
2023-08-17 22:21:44,168 - 5                            Bounce Rate  ...                    0
2023-08-17 22:21:44,168 - 6                        Pages per Visit  ...                    0
2023-08-17 22:21:44,168 - 7                 Average Visit Duration  ...                    0
2023-08-17 22:21:44,168 - 8                      Competitors Panel  ...                    0
2023-08-17 22:21:44,168 - 9                       First Competitor  ...                    0
2023-08-17 22:21:44,168 - 10                     Second Competitor  ...                    0
2023-08-17 22:21:44,168 - 11                      Third Competitor  ...                    0
2023-08-17 22:21:44,168 - 12                     Fourth Competitor  ...                    0
2023-08-17 22:21:44,168 - 13                      Fifth Competitor  ...                 None
2023-08-17 22:21:44,168 - 14  Marketing Channel Distribution Panel  ...                 None
2023-08-17 22:21:44,168 - 15                                Direct  ...                    0
2023-08-17 22:21:44,168 - 16                             Referrals  ...                    0
2023-08-17 22:21:44,168 - 17                        Organic Search  ...                  NaN
2023-08-17 22:21:44,169 - 18                           Paid Search  ...                  NaN
2023-08-17 22:21:44,169 - 19                                Social  ...                  NaN
2023-08-17 22:21:44,169 - 20                                  Mail  ...                  NaN
2023-08-17 22:21:44,169 - 21                               Display  ...                  NaN
2023-08-17 22:21:44,169 - 22                        Keywords Panel  ...                  NaN
2023-08-17 22:21:44,169 - 23                     Total Keywords #5  ...                  NaN
2023-08-17 22:21:44,169 - 24           Organic Keywords Percentage  ...                  NaN
2023-08-17 22:21:44,169 - 25              Paid Keywords Percentage  ...                  NaN
2023-08-17 22:21:44,169 - 
2023-08-17 22:21:44,169 - [26 rows x 4 columns]
2023-08-17 22:21:44,474 - <Response [200]>
2023-08-17 22:21:44,474 - 197310
2023-08-17 22:21:44,474 - API_Units_Left:
2023-08-17 22:21:44,474 - 197310
2023-08-17 22:21:44,474 - API_Units_Spent:
2023-08-17 22:21:44,474 - -20
2023-08-17 22:21:44,477 - Total execution time of SemRushApi.py is:
2023-08-17 22:21:44,478 - 1.3480703830718994
2023-08-17 22:21:44,478 - seconds
2023-08-17 22:21:44,481 - Total execution time for the main Company:
2023-08-17 22:21:44,482 - 59.95049047470093
2023-08-17 22:21:44,482 - seconds
2023-08-17 22:21:44,484 - Started executing WeightRatingSystem.py
2023-08-17 22:21:44,944 - C:\Users\User\AppData\Local\Programs\Python\Python311\Lib\site-packages\sklearn\preprocessing\_data.py:479: RuntimeWarning: All-NaN slice encountered
2023-08-17 22:21:44,944 -   data_min = np.nanmin(X, axis=0)
2023-08-17 22:21:44,944 - C:\Users\User\AppData\Local\Programs\Python\Python311\Lib\site-packages\sklearn\preprocessing\_data.py:480: RuntimeWarning: All-NaN slice encountered
2023-08-17 22:21:44,944 -   data_max = np.nanmax(X, axis=0)
2023-08-17 22:21:44,947 - C:\Users\User\AppData\Local\Programs\Python\Python311\Lib\site-packages\sklearn\preprocessing\_data.py:479: RuntimeWarning: All-NaN slice encountered
2023-08-17 22:21:44,947 -   data_min = np.nanmin(X, axis=0)
2023-08-17 22:21:44,948 - C:\Users\User\AppData\Local\Programs\Python\Python311\Lib\site-packages\sklearn\preprocessing\_data.py:480: RuntimeWarning: All-NaN slice encountered
2023-08-17 22:21:44,948 -   data_max = np.nanmax(X, axis=0)
2023-08-17 22:21:46,089 - 127.0.0.1 - - [17/Aug/2023 22:21:46] "[35m[1mPOST / HTTP/1.1[0m" 500 -
2023-08-17 23:48:21,047 - b" * Serving Flask app 'appp'"
2023-08-17 23:48:21,048 - b' * Debug mode: on'
2023-08-17 23:48:21,087 - [31m[1mWARNING: This is a development server. Do not use it in a production deployment. Use a production WSGI server instead.[0m
 * Running on http://127.0.0.1:5000
2023-08-17 23:48:21,087 - [33mPress CTRL+C to quit[0m
2023-08-17 23:48:21,091 -  * Restarting with stat
2023-08-17 23:48:30,301 -  * Debugger is active!
2023-08-17 23:48:30,313 -  * Debugger PIN: 337-210-712
2023-08-17 23:48:38,510 -  * Detected change in 'c:\\Users\\User\\OneDrive - Fakulteti i Teknologjise se Informacionit\\Desktop\\Digitalized\\DigiScore\\RatingSystem\\final.py', reloading
2023-08-17 23:48:40,561 -  * Restarting with stat
2023-08-17 23:48:50,424 -  * Debugger is active!
2023-08-17 23:48:50,434 -  * Debugger PIN: 337-210-712
2023-08-17 23:48:50,908 - https://loyalty.kangaroorewards.com/
2023-08-17 23:48:52,821 - Started executing socialLinkCollector.py
2023-08-17 23:48:54,503 - 200
2023-08-17 23:48:54,558 - Instagram link:
2023-08-17 23:48:54,558 - http://www.instagram.com/kangaroorewards
2023-08-17 23:48:54,559 - Facebook link:
2023-08-17 23:48:54,559 - https://www.facebook.com/KangarooRewards/
2023-08-17 23:48:54,560 - No LinkedIn link found.
2023-08-17 23:48:54,561 - Twitter link:
2023-08-17 23:48:54,561 - http://twitter.com/kangaroorewards
2023-08-17 23:48:54,572 - Total execution time of SocialLinkCollector.py is:
2023-08-17 23:48:54,572 - 1.7510221004486084
2023-08-17 23:48:54,575 - Started executing SocialUsernameCollector.py
2023-08-17 23:48:54,575 - Instagram Username:
2023-08-17 23:48:54,575 - kangaroorewards
2023-08-17 23:48:54,575 - Facebook Username:
2023-08-17 23:48:54,575 - KangarooRewards
2023-08-17 23:48:54,575 - LinkedIn Username:
2023-08-17 23:48:54,575 - None
2023-08-17 23:48:54,575 - Twitter Username:
2023-08-17 23:48:54,575 - kangaroorewards
2023-08-17 23:48:54,589 - Total execution time of SocialUsernameCollector.py is:
2023-08-17 23:48:54,589 - 0.013648033142089844
2023-08-17 23:49:01,590 - Started executing SimiWebData.py
2023-08-17 23:49:03,146 - loyalty.kangaroorewards.com
2023-08-17 23:49:16,107 - loyalty_kangaroorewards_com.png
2023-08-17 23:49:16,510 - C:\Users\User\OneDrive - Fakulteti i Teknologjise se Informacionit\Desktop\Digitalized\DigiScore
2023-08-17 23:49:17,280 - loyalty.kangaroorewards.com_Competitors.png
2023-08-17 23:49:17,608 - C:\Users\User\OneDrive - Fakulteti i Teknologjise se Informacionit\Desktop\Digitalized\DigiScore
2023-08-17 23:49:18,353 - loyalty.kangaroorewards.com_channelDistrib.png
2023-08-17 23:49:18,706 - C:\Users\User\OneDrive - Fakulteti i Teknologjise se Informacionit\Desktop\Digitalized\DigiScore
2023-08-17 23:49:19,401 - loyalty.kangaroorewards.com_Keywords.png
2023-08-17 23:49:19,817 - Total execution time of SimiWebData.py is:
2023-08-17 23:49:19,817 - 25.227130651474
2023-08-17 23:49:19,817 - seconds
2023-08-17 23:49:21,943 - Started executing GetDataFromPics.py
2023-08-17 23:49:21,943 - Company name:
2023-08-17 23:49:21,943 - loyalty.kangaroorewards.com
2023-08-17 23:49:21,966 - DataML\Pics\loyalty_kangaroorewards_com.png
2023-08-17 23:49:21,995 - <PIL.PngImagePlugin.PngImageFile image mode=RGBA size=1920x1080 at 0x25510D0BB50>
2023-08-17 23:49:22,068 - CUDA not available - defaulting to CPU. Note: This module is much faster with a GPU.
2023-08-17 23:49:29,910 - An error occured while trying to get the data about "Category Rank":
2023-08-17 23:49:29,910 - list index out of range
2023-08-17 23:49:29,910 - Look at the Total Visits picture 'pages_visits.png'
2023-08-17 23:49:29,910 - Total Visits:
2023-08-17 23:49:29,910 - 4.K
2023-08-17 23:49:29,910 - 0.9969159471105138
2023-08-17 23:49:29,910 - Bounce Rate:
2023-08-17 23:49:29,910 - 36.60%
2023-08-17 23:49:29,910 - 0.7664106811588733
2023-08-17 23:49:29,910 - Pages per Visit:
2023-08-17 23:49:29,910 - 1.91
2023-08-17 23:49:29,911 - 0.5015041640268927
2023-08-17 23:49:29,911 - Avarage Visit Duration:
2023-08-17 23:49:29,911 - 00:01:22
2023-08-17 23:49:29,911 - 0.899610972877527
2023-08-17 23:49:29,929 - Total execution time of GetDataFromPics.py is:
2023-08-17 23:49:29,929 - 7.986191749572754
2023-08-17 23:49:29,929 - seconds
2023-08-17 23:49:29,936 - Started executing GetCompetitorsFromPics.py
2023-08-17 23:49:29,944 - DataML\Pics\loyalty.kangaroorewards.com_Competitors.png
2023-08-17 23:49:29,961 - <PIL.PngImagePlugin.PngImageFile image mode=RGBA size=1920x1080 at 0x25510D7E2D0>
2023-08-17 23:49:30,002 - CUDA not available - defaulting to CPU. Note: This module is much faster with a GPU.
2023-08-17 23:49:34,596 - Competitor 1:
2023-08-17 23:49:34,596 - loyaltykangaroorewa
2023-08-17 23:49:34,596 - 0.9400260254442047
2023-08-17 23:49:34,596 - Competitor 2:
2023-08-17 23:49:34,596 - The digital marketing channels dr
2023-08-17 23:49:34,596 - 0.8923107603337775
2023-08-17 23:49:34,597 - Competitor 3:
2023-08-17 23:49:34,597 - Marketing Channels Distributior
2023-08-17 23:49:34,597 - 0.7364708476456726
2023-08-17 23:49:34,597 - Fewer than 5 valid competitors found.
2023-08-17 23:49:34,597 - loyaltykangaroorewa
2023-08-17 23:49:34,597 - first_competitor
2023-08-17 23:49:34,598 - loyaltykangaroorewa
2023-08-17 23:49:34,598 - The.digital.marketing.channels.dr
2023-08-17 23:49:34,598 - Marketing.Channels.Distributior
2023-08-17 23:49:34,598 - None
2023-08-17 23:49:34,598 - None
2023-08-17 23:49:34,598 - The URL is not found in the competitors list.
2023-08-17 23:49:34,598 - loyalty.kangaroorewards.com
2023-08-17 23:49:34,598 - The URL is not found in the competitors list.
2023-08-17 23:49:34,599 - loyalty.kangaroorewards.com
2023-08-17 23:49:34,599 - The URL is found in the competitors list or no competitors were found.
2023-08-17 23:49:34,599 - loyalty.kangaroorewards.com
2023-08-17 23:49:35,033 - <Response [200]>
2023-08-17 23:49:35,034 - 197310
2023-08-17 23:49:35,034 - API_Units_Before_Execution:
2023-08-17 23:49:35,034 - 197310
2023-08-17 23:49:35,527 - <Response [200]>
2023-08-17 23:49:35,527 - ERROR 50 :: NOTHING FOUND
2023-08-17 23:49:35,845 - <Response [200]>
2023-08-17 23:49:35,846 - 197310
2023-08-17 23:49:35,846 - API_Units_Left:
2023-08-17 23:49:35,846 - 197310
2023-08-17 23:49:35,846 - API_Units_Spent:
2023-08-17 23:49:35,846 - 0
2023-08-17 23:49:35,884 -          Website Data Type                 Website Data
2023-08-17 23:49:35,884 - 0            Website Panel                          NaN
2023-08-17 23:49:35,884 - 1             Company Name  loyalty.kangaroorewards.com
2023-08-17 23:49:35,884 - 2            Category Name                          NaN
2023-08-17 23:49:35,884 - 3            Category Rank                          NaN
2023-08-17 23:49:35,884 - 4             Total Visits                          4.K
2023-08-17 23:49:35,884 - 5              Bounce Rate                       36.60%
2023-08-17 23:49:35,884 - 6          Pages per Visit                         1.91
2023-08-17 23:49:35,884 - 7   Average Visit Duration                     00:01:22
2023-08-17 23:49:35,884 - 8        Competitors Panel
2023-08-17 23:49:35,884 - 9         First Competitor                         None
2023-08-17 23:49:35,884 - 10       Second Competitor                         None
2023-08-17 23:49:35,884 - 11        Third Competitor                         None
2023-08-17 23:49:35,884 - 12       Fourth Competitor                         None
2023-08-17 23:49:35,884 - 13        Fifth Competitor                         None
2023-08-17 23:49:35,884 - Total execution time of GetCompetitorsFromPics.py is:
2023-08-17 23:49:35,884 - 5.94855260848999
2023-08-17 23:49:35,884 - seconds
2023-08-17 23:49:35,900 - Started executing InstagramData.py
2023-08-17 23:49:38,243 - JSON Query to accounts/login/: Could not find "window._sharedData" in html response. [retrying; skip with ^C]
2023-08-17 23:49:39,895 - JSON Query to accounts/login/: Could not find "window._sharedData" in html response. [retrying; skip with ^C]
2023-08-17 23:49:41,692 - JSON Query to accounts/login/: Could not find "window._sharedData" in html response.
2023-08-17 23:49:41,692 - Logging in...
2023-08-17 23:49:41,693 - Login failed.
2023-08-17 23:49:42,910 - Username:
2023-08-17 23:49:42,910 - kangaroorewards
2023-08-17 23:49:42,910 - User ID:
2023-08-17 23:49:42,911 - 227123019
2023-08-17 23:49:42,911 - Number of Posts:
2023-08-17 23:49:42,911 - 682
2023-08-17 23:49:42,911 - Followers Count:
2023-08-17 23:49:42,911 - 5418
2023-08-17 23:49:42,911 - Bio:
2023-08-17 23:49:42,911 - Engage your customers. Increase sales and drive traffic with our powerful loyalty technology. Book a free live demo today!
2023-08-17 23:49:42,911 - External URL:
2023-08-17 23:49:42,911 - https://linktr.ee/kangaroorewards
2023-08-17 23:49:42,913 - <itertools.islice object at 0x00000255763B38D0>
2023-08-17 23:49:42,913 - vgjkob
2023-08-17 23:49:42,913 - bhwefjfbiwjefowfnwe
2023-08-17 23:49:42,913 - Post CsHVk2JsFRa has 3 likes and 0 comments
2023-08-17 23:49:42,913 - Post CmhRhNSOyxB has 2 likes and 0 comments
2023-08-17 23:49:42,913 - Post ClPXWHoudBR has 1 likes and 0 comments
2023-08-17 23:49:42,913 - Post CjBSCwqupzF has 2 likes and 0 comments
2023-08-17 23:49:42,913 - Post Chp-9QpuKNW has 2 likes and 0 comments
2023-08-17 23:49:42,933 - 2.0
2023-08-17 23:49:42,933 - 0.0
2023-08-17 23:49:42,959 -                        Social Platform Link  ... Average Comments per 5 posts
2023-08-17 23:49:42,959 - 0  http://www.instagram.com/kangaroorewards  ...                          0.0
2023-08-17 23:49:42,959 - 
2023-08-17 23:49:42,959 - [1 rows x 6 columns]
2023-08-17 23:49:42,959 - [3, 2, 1, 2, 2]
2023-08-17 23:49:42,959 - [0, 0, 0, 0, 0]
2023-08-17 23:49:42,959 - Total execution time of InstagramData.py is:
2023-08-17 23:49:42,959 - 7.059354782104492
2023-08-17 23:49:42,959 - seconds
2023-08-17 23:49:42,959 - Started executing LinkedinkData.py
2023-08-17 23:49:42,975 - Total execution time of LinkedinData.py is:
2023-08-17 23:49:42,976 - 0.0161740779876709
2023-08-17 23:49:42,976 - seconds
2023-08-17 23:49:42,976 - Started executing FacebookData.py
2023-08-17 23:49:43,020 - 3.8
2023-08-17 23:49:43,020 - 157
2023-08-17 23:49:43,021 - 152
2023-08-17 23:49:43,021 - 0
2023-08-17 23:49:43,021 - 2
2023-08-17 23:49:43,021 - 9
2023-08-17 23:49:43,021 - 6
2023-08-17 23:49:43,021 - 2
2023-08-17 23:49:43,021 - [0, 2, 9, 6, 2]
2023-08-17 23:49:43,021 - []
2023-08-17 23:49:43,021 - Avarage Fb Likes:
2023-08-17 23:49:43,021 - 3.8
2023-08-17 23:49:43,047 -                         Social Platform Link  ... Average Comments per 5 posts
2023-08-17 23:49:43,047 - 0   http://www.instagram.com/kangaroorewards  ...                          0.0
2023-08-17 23:49:43,047 - 1                                        NaN  ...                          NaN
2023-08-17 23:49:43,047 - 2  https://www.facebook.com/KangarooRewards/  ...                          0.0
2023-08-17 23:49:43,047 - 
2023-08-17 23:49:43,047 - [3 rows x 6 columns]
2023-08-17 23:49:43,047 - Total execution time of FacebookData.py is:
2023-08-17 23:49:43,047 - 0.07051539421081543
2023-08-17 23:49:43,047 - seconds
2023-08-17 23:49:43,048 - Started executing getMarketingChannelDistribution.py
2023-08-17 23:49:43,052 - DataML\Pics\loyalty.kangaroorewards.com_channelDistrib.png
2023-08-17 23:49:43,062 - <PIL.PngImagePlugin.PngImageFile image mode=RGBA size=1920x1080 at 0x2551673B6D0>
2023-08-17 23:49:43,192 - CUDA not available - defaulting to CPU. Note: This module is much faster with a GPU.
2023-08-17 23:49:52,789 - [([[51, 69], [89, 69], [89, 85], [51, 85]], 'VOL:', 0.9840038418769836), ([[186, 304], [434, 304], [434, 330], [186, 330]], 'Want to uncover more', 0.8605461719406048), ([[434, 300], [603, 300], [603, 336], [434, 336]], 'opportunities?', 0.9999490865549346), ([[184, 344], [1044, 344], [1044, 371], [184, 371]], 'Grow your traffic share per keyword and understand how SEO and PPC investments can', 0.7895105450761295), ([[184, 366], [388, 366], [388, 396], [184, 396]], 'Intelligence solution:', 0.7520420315907521), ([[184, 410], [288, 410], [288, 436], [184, 436]], 'Try it now', 0.9187751325247818)]
2023-08-17 23:49:52,790 - Check the 'Direct' in the picture
2023-08-17 23:49:52,790 - Check the 'Direct' in the picture
2023-08-17 23:49:52,790 - Check the 'Direct' in the picture
2023-08-17 23:49:52,790 - Check the 'Direct' in the picture
2023-08-17 23:49:52,790 - Check the 'Direct' in the picture
2023-08-17 23:49:52,790 - Check the 'Direct' in the picture
2023-08-17 23:49:52,790 - No valid Direct found
2023-08-17 23:49:52,790 - An error occured while trying to get the data about "Referrals":
2023-08-17 23:49:52,790 - list index out of range
2023-08-17 23:49:52,791 - [([[51, 69], [89, 69], [89, 85], [51, 85]], 'VOL:', 0.9840038418769836), ([[186, 304], [434, 304], [434, 330], [186, 330]], 'Want to uncover more', 0.8605461719406048), ([[434, 300], [603, 300], [603, 336], [434, 336]], 'opportunities?', 0.9999490865549346), ([[184, 344], [1044, 344], [1044, 371], [184, 371]], 'Grow your traffic share per keyword and understand how SEO and PPC investments can', 0.7895105450761295), ([[184, 366], [388, 366], [388, 396], [184, 396]], 'Intelligence solution:', 0.7520420315907521), ([[184, 410], [288, 410], [288, 436], [184, 436]], 'Try it now', 0.9187751325247818)]
2023-08-17 23:49:52,812 -                        Website Data Type                 Website Data
2023-08-17 23:49:52,812 - 0                          Website Panel                          NaN
2023-08-17 23:49:52,812 - 1                           Company Name  loyalty.kangaroorewards.com
2023-08-17 23:49:52,812 - 2                          Category Name                          NaN
2023-08-17 23:49:52,812 - 3                          Category Rank                          NaN
2023-08-17 23:49:52,812 - 4                           Total Visits                          4.K
2023-08-17 23:49:52,814 - 5                            Bounce Rate                       36.60%
2023-08-17 23:49:52,814 - 6                        Pages per Visit                         1.91
2023-08-17 23:49:52,814 - 7                 Average Visit Duration                     00:01:22
2023-08-17 23:49:52,814 - 8                      Competitors Panel                          NaN
2023-08-17 23:49:52,814 - 9                       First Competitor                          NaN
2023-08-17 23:49:52,814 - 10                     Second Competitor                          NaN
2023-08-17 23:49:52,814 - 11                      Third Competitor                          NaN
2023-08-17 23:49:52,814 - 12                     Fourth Competitor                          NaN
2023-08-17 23:49:52,814 - 13                      Fifth Competitor                          NaN
2023-08-17 23:49:52,814 - 14  Marketing Channel Distribution Panel
2023-08-17 23:49:52,814 - 15                                Direct                         None
2023-08-17 23:49:52,814 - 16                             Referrals                         None
2023-08-17 23:49:52,814 - 17                        Organic Search                         None
2023-08-17 23:49:52,814 - 18                           Paid Search                         None
2023-08-17 23:49:52,814 - 19                                Social                         None
2023-08-17 23:49:52,814 - 20                                  Mail                         None
2023-08-17 23:49:52,815 - 21                               Display                         None
2023-08-17 23:49:52,815 - Total execution time of getMarketingChannelDistribution.py is:
2023-08-17 23:49:52,815 - 9.766722440719604
2023-08-17 23:49:52,815 - seconds
2023-08-17 23:49:52,815 - Started executing GetKeywordsNumber.py
2023-08-17 23:49:52,822 - DataML\Pics\loyalty.kangaroorewards.com_Keywords.png
2023-08-17 23:49:52,832 - <PIL.PngImagePlugin.PngImageFile image mode=RGBA size=1920x1080 at 0x25516ACF310>
2023-08-17 23:49:52,893 - CUDA not available - defaulting to CPU. Note: This module is much faster with a GPU.
2023-08-17 23:49:57,527 - An error occured while trying to get the data about "Total Keywords #5":
2023-08-17 23:49:57,527 - list index out of range
2023-08-17 23:49:57,527 - []
2023-08-17 23:49:57,527 - Look at the Organic VS. Paid picture 'org_paid.png'
2023-08-17 23:49:57,550 -                        Website Data Type                 Website Data
2023-08-17 23:49:57,550 - 0                          Website Panel                          NaN
2023-08-17 23:49:57,551 - 1                           Company Name  loyalty.kangaroorewards.com
2023-08-17 23:49:57,551 - 2                          Category Name                          NaN
2023-08-17 23:49:57,551 - 3                          Category Rank                          NaN
2023-08-17 23:49:57,551 - 4                           Total Visits                          4.K
2023-08-17 23:49:57,551 - 5                            Bounce Rate                       36.60%
2023-08-17 23:49:57,551 - 6                        Pages per Visit                         1.91
2023-08-17 23:49:57,551 - 7                 Average Visit Duration                     00:01:22
2023-08-17 23:49:57,551 - 8                      Competitors Panel                          NaN
2023-08-17 23:49:57,551 - 9                       First Competitor                          NaN
2023-08-17 23:49:57,551 - 10                     Second Competitor                          NaN
2023-08-17 23:49:57,551 - 11                      Third Competitor                          NaN
2023-08-17 23:49:57,551 - 12                     Fourth Competitor                          NaN
2023-08-17 23:49:57,551 - 13                      Fifth Competitor                          NaN
2023-08-17 23:49:57,551 - 14  Marketing Channel Distribution Panel                          NaN
2023-08-17 23:49:57,551 - 15                                Direct                          NaN
2023-08-17 23:49:57,551 - 16                             Referrals                          NaN
2023-08-17 23:49:57,551 - 17                        Organic Search                          NaN
2023-08-17 23:49:57,551 - 18                           Paid Search                          NaN
2023-08-17 23:49:57,551 - 19                                Social                          NaN
2023-08-17 23:49:57,551 - 20                                  Mail                          NaN
2023-08-17 23:49:57,551 - 21                               Display                          NaN
2023-08-17 23:49:57,551 - 22                        Keywords Panel
2023-08-17 23:49:57,551 - 23                     Total Keywords #5                         None
2023-08-17 23:49:57,551 - 24           Organic Keywords Percentage                         None
2023-08-17 23:49:57,552 - 25              Paid Keywords Percentage                         None
2023-08-17 23:49:57,552 - Total execution time of GetKeywordsNumber.py is:
2023-08-17 23:49:57,552 - 4.737541437149048
2023-08-17 23:49:57,552 - seconds
2023-08-17 23:49:57,552 - Started executing SemRushApi.py
2023-08-17 23:49:57,879 - <Response [200]>
2023-08-17 23:49:57,879 - 197310
2023-08-17 23:49:57,879 - API_Units_Before_Execution:
2023-08-17 23:49:57,879 - 197310
2023-08-17 23:49:57,881 - Processing domain: https://loyalty.kangaroorewards.com/
2023-08-17 23:49:58,201 - Database;Domain;Date;Rank;Organic Keywords;Organic Traffic;Organic Cost;Adwords Keywords;Adwords Traffic;Adwords Cost;PLA keywords;PLA uniques;SERP Features Positions
2023-08-17 23:49:58,202 - fr;kangaroorewards.com;20230816;12270461;3;0;0;0;0;0;0;0;0
2023-08-17 23:49:58,202 - --------------------------------------------------------------------------------------------
2023-08-17 23:49:58,204 - {'Database': 'fr', 'Domain': 'kangaroorewards.com', 'Date': 20230816, 'Rank': 12270461, 'Organic Keywords': 3, 'Organic Traffic': 0, 'Organic Cost': 0, 'Adwords Keywords': 0, 'Adwords Traffic': 0, 'Adwords Cost': 0, 'PLA keywords': 0, 'PLA uniques': 0, 'SERP Features Positions': 0}
2023-08-17 23:49:58,204 - --------------------------------------------------------------------------------------------
2023-08-17 23:49:58,509 - <Response [200]>
2023-08-17 23:49:58,509 - X0;X1
2023-08-17 23:49:58,509 - 0;0
2023-08-17 23:49:58,511 - --------------------------------------------------------------------------------------------
2023-08-17 23:49:58,511 - {'X0': 0, 'X1': 0}
2023-08-17 23:49:58,511 - --------------------------------------------------------------------------------------------
2023-08-17 23:49:58,514 - Finished processing domain: https://loyalty.kangaroorewards.com/
2023-08-17 23:49:58,554 -                        Website Data Type  ...     SemRush API Data
2023-08-17 23:49:58,554 - 0                          Website Panel  ...                   fr
2023-08-17 23:49:58,554 - 1                           Company Name  ...  kangaroorewards.com
2023-08-17 23:49:58,554 - 2                          Category Name  ...             20230816
2023-08-17 23:49:58,554 - 3                          Category Rank  ...             12270461
2023-08-17 23:49:58,554 - 4                           Total Visits  ...                    3
2023-08-17 23:49:58,555 - 5                            Bounce Rate  ...                    0
2023-08-17 23:49:58,555 - 6                        Pages per Visit  ...                    0
2023-08-17 23:49:58,555 - 7                 Average Visit Duration  ...                    0
2023-08-17 23:49:58,555 - 8                      Competitors Panel  ...                    0
2023-08-17 23:49:58,555 - 9                       First Competitor  ...                    0
2023-08-17 23:49:58,555 - 10                     Second Competitor  ...                    0
2023-08-17 23:49:58,555 - 11                      Third Competitor  ...                    0
2023-08-17 23:49:58,555 - 12                     Fourth Competitor  ...                    0
2023-08-17 23:49:58,555 - 13                      Fifth Competitor  ...                 None
2023-08-17 23:49:58,556 - 14  Marketing Channel Distribution Panel  ...                 None
2023-08-17 23:49:58,556 - 15                                Direct  ...                    0
2023-08-17 23:49:58,556 - 16                             Referrals  ...                    0
2023-08-17 23:49:58,556 - 17                        Organic Search  ...                  NaN
2023-08-17 23:49:58,556 - 18                           Paid Search  ...                  NaN
2023-08-17 23:49:58,556 - 19                                Social  ...                  NaN
2023-08-17 23:49:58,556 - 20                                  Mail  ...                  NaN
2023-08-17 23:49:58,556 - 21                               Display  ...                  NaN
2023-08-17 23:49:58,556 - 22                        Keywords Panel  ...                  NaN
2023-08-17 23:49:58,556 - 23                     Total Keywords #5  ...                  NaN
2023-08-17 23:49:58,556 - 24           Organic Keywords Percentage  ...                  NaN
2023-08-17 23:49:58,556 - 25              Paid Keywords Percentage  ...                  NaN
2023-08-17 23:49:58,556 - 
2023-08-17 23:49:58,556 - [26 rows x 4 columns]
2023-08-17 23:49:58,860 - <Response [200]>
2023-08-17 23:49:58,860 - 197290
2023-08-17 23:49:58,860 - API_Units_Left:
2023-08-17 23:49:58,860 - 197290
2023-08-17 23:49:58,860 - API_Units_Spent:
2023-08-17 23:49:58,860 - -20
2023-08-17 23:49:58,863 - Total execution time of SemRushApi.py is:
2023-08-17 23:49:58,863 - 1.3110597133636475
2023-08-17 23:49:58,863 - seconds
2023-08-17 23:49:58,865 - Total execution time for the main Company:
2023-08-17 23:49:58,865 - 63.88791298866272
2023-08-17 23:49:58,865 - seconds
2023-08-17 23:49:58,871 - Started executing WeightRatingSystem.py
2023-08-17 23:49:59,294 - C:\Users\User\AppData\Local\Programs\Python\Python311\Lib\site-packages\sklearn\preprocessing\_data.py:479: RuntimeWarning: All-NaN slice encountered
2023-08-17 23:49:59,294 -   data_min = np.nanmin(X, axis=0)
2023-08-17 23:49:59,295 - C:\Users\User\AppData\Local\Programs\Python\Python311\Lib\site-packages\sklearn\preprocessing\_data.py:480: RuntimeWarning: All-NaN slice encountered
2023-08-17 23:49:59,295 -   data_max = np.nanmax(X, axis=0)
2023-08-17 23:49:59,298 - C:\Users\User\AppData\Local\Programs\Python\Python311\Lib\site-packages\sklearn\preprocessing\_data.py:479: RuntimeWarning: All-NaN slice encountered
2023-08-17 23:49:59,298 -   data_min = np.nanmin(X, axis=0)
2023-08-17 23:49:59,298 - C:\Users\User\AppData\Local\Programs\Python\Python311\Lib\site-packages\sklearn\preprocessing\_data.py:480: RuntimeWarning: All-NaN slice encountered
2023-08-17 23:49:59,298 -   data_max = np.nanmax(X, axis=0)
2023-08-17 23:50:00,799 - 127.0.0.1 - - [17/Aug/2023 23:50:00] "[35m[1mPOST / HTTP/1.1[0m" 500 -
2023-08-17 23:50:35,160 -  * Detected change in 'c:\\Users\\User\\OneDrive - Fakulteti i Teknologjise se Informacionit\\Desktop\\Digitalized\\DigiScore\\RatingSystem\\final.py', reloading
2023-08-17 23:50:37,697 -  * Restarting with stat
2023-08-17 23:50:47,660 -  * Debugger is active!
2023-08-17 23:50:47,672 -  * Debugger PIN: 337-210-712
2023-08-17 23:50:53,794 -  * Detected change in 'c:\\Users\\User\\OneDrive - Fakulteti i Teknologjise se Informacionit\\Desktop\\Digitalized\\DigiScore\\RatingSystem\\final.py', reloading
2023-08-17 23:50:55,079 -  * Restarting with stat
2023-08-17 23:51:01,825 -  * Debugger is active!
2023-08-17 23:51:01,832 -  * Debugger PIN: 337-210-712
2023-08-17 23:51:28,140 -  * Detected change in 'c:\\Users\\User\\OneDrive - Fakulteti i Teknologjise se Informacionit\\Desktop\\Digitalized\\DigiScore\\appp.py', reloading
2023-08-17 23:51:28,929 -  * Restarting with stat
